
> @drupalkit/types@0.0.0-development lint /home/chfoidl/workspace/wunderwerk/drupalkit/packages/types
> eslint --ext .ts,.tsx src --max-warnings 0


/home/chfoidl/workspace/wunderwerk/drupalkit/packages/types/src/DrupalkitResponse.ts
   7:1  warning  Sentences should start with an uppercase character  jsdoc/require-description-complete-sentence
   7:1  warning  Sentences must end with a period                    jsdoc/require-description-complete-sentence
  11:1  warning  Sentences must end with a period                    jsdoc/require-description-complete-sentence

/home/chfoidl/workspace/wunderwerk/drupalkit/packages/types/src/Endpoints.ts
   7:42  warning  Unexpected any. Specify a different type                                                                                                                                                                                                                                                                                             @typescript-eslint/no-explicit-any
  19:5   error    Don't use `{}` as a type. `{}` actually means "any non-nullish value".
- If you want a type meaning "any object", you probably want `object` instead.
- If you want a type meaning "any value", you probably want `unknown` instead.
- If you want a type meaning "empty object", you probably want `Record<string, never>` instead  @typescript-eslint/ban-types
  36:5   error    Don't use `{}` as a type. `{}` actually means "any non-nullish value".
- If you want a type meaning "any object", you probably want `object` instead.
- If you want a type meaning "any value", you probably want `unknown` instead.
- If you want a type meaning "empty object", you probably want `Record<string, never>` instead  @typescript-eslint/ban-types
  45:5   error    Don't use `{}` as a type. `{}` actually means "any non-nullish value".
- If you want a type meaning "any object", you probably want `object` instead.
- If you want a type meaning "any value", you probably want `unknown` instead.
- If you want a type meaning "empty object", you probably want `Record<string, never>` instead  @typescript-eslint/ban-types

/home/chfoidl/workspace/wunderwerk/drupalkit/packages/types/src/Fetch.ts
  2:1   warning  Sentences must end with a period          jsdoc/require-description-complete-sentence
  4:21  warning  Unexpected any. Specify a different type  @typescript-eslint/no-explicit-any

/home/chfoidl/workspace/wunderwerk/drupalkit/packages/types/src/Log.ts
  2:56  warning  Unexpected any. Specify a different type  @typescript-eslint/no-explicit-any
  3:55  warning  Unexpected any. Specify a different type  @typescript-eslint/no-explicit-any
  4:55  warning  Unexpected any. Specify a different type  @typescript-eslint/no-explicit-any
  5:56  warning  Unexpected any. Specify a different type  @typescript-eslint/no-explicit-any
  6:18  warning  Unexpected any. Specify a different type  @typescript-eslint/no-explicit-any

/home/chfoidl/workspace/wunderwerk/drupalkit/packages/types/src/RequestHeaders.ts
  3:1  warning  Sentences must end with a period  jsdoc/require-description-complete-sentence

/home/chfoidl/workspace/wunderwerk/drupalkit/packages/types/src/RequestOptions.ts
   1:10  warning  'Fetch' is defined but never used. Allowed unused vars must match /^_/u  @typescript-eslint/no-unused-vars
  11:25  warning  Unexpected any. Specify a different type                                 @typescript-eslint/no-explicit-any
  16:21  warning  Unexpected any. Specify a different type                                 @typescript-eslint/no-explicit-any

/home/chfoidl/workspace/wunderwerk/drupalkit/packages/types/src/RequestParameters.ts
   6:1  warning  Sentences must end with a period  jsdoc/require-description-complete-sentence
  24:1  warning  Sentences must end with a period  jsdoc/require-description-complete-sentence

/home/chfoidl/workspace/wunderwerk/drupalkit/packages/types/src/Route.ts
  2:1  warning  Sentences must end with a period  jsdoc/require-description-complete-sentence

/home/chfoidl/workspace/wunderwerk/drupalkit/packages/types/src/schema.ts
  10:1  warning  Sentences must end with a period                                  jsdoc/require-description-complete-sentence
  10:1  warning  There must be a newline after the description of the JSDoc block  jsdoc/newline-after-description
  23:1  warning  Sentences should start with an uppercase character                jsdoc/require-description-complete-sentence
  23:1  warning  Sentences must end with a period                                  jsdoc/require-description-complete-sentence
  32:1  warning  Sentences must end with a period                                  jsdoc/require-description-complete-sentence
  38:1  warning  Sentences must end with a period                                  jsdoc/require-description-complete-sentence
  57:1  warning  Sentences must end with a period                                  jsdoc/require-description-complete-sentence
  57:1  warning  There must be a newline after the description of the JSDoc block  jsdoc/newline-after-description
  62:1  warning  Sentences must end with a period                                  jsdoc/require-description-complete-sentence
  68:1  warning  Sentences must end with a period                                  jsdoc/require-description-complete-sentence

✖ 31 problems (3 errors, 28 warnings)
  0 errors and 18 warnings potentially fixable with the `--fix` option.

 ELIFECYCLE  Command failed with exit code 1.
